<?xml version="1.0" encoding="UTF-8"?>
<testsuite name="com.sp.grafanalrn.GrafanaLrnApplicationTests" tests="1" skipped="0" failures="0" errors="0" timestamp="2023-03-20T13:12:48" hostname="DESKTOP-8VDN8D3" time="0.409">
  <properties/>
  <testcase name="contextLoads()" classname="com.sp.grafanalrn.GrafanaLrnApplicationTests" time="0.409"/>
  <system-out><![CDATA[18:42:45.870 [Test worker] DEBUG org.springframework.test.context.BootstrapUtils - Instantiating CacheAwareContextLoaderDelegate from class [org.springframework.test.context.cache.DefaultCacheAwareContextLoaderDelegate]
18:42:45.884 [Test worker] DEBUG org.springframework.test.context.BootstrapUtils - Instantiating BootstrapContext using constructor [public org.springframework.test.context.support.DefaultBootstrapContext(java.lang.Class,org.springframework.test.context.CacheAwareContextLoaderDelegate)]
18:42:45.913 [Test worker] DEBUG org.springframework.test.context.BootstrapUtils - Instantiating TestContextBootstrapper for test class [com.sp.grafanalrn.GrafanaLrnApplicationTests] from class [org.springframework.boot.test.context.SpringBootTestContextBootstrapper]
18:42:45.921 [Test worker] INFO org.springframework.boot.test.context.SpringBootTestContextBootstrapper - Neither @ContextConfiguration nor @ContextHierarchy found for test class [com.sp.grafanalrn.GrafanaLrnApplicationTests], using SpringBootContextLoader
18:42:45.924 [Test worker] DEBUG org.springframework.test.context.support.AbstractContextLoader - Did not detect default resource location for test class [com.sp.grafanalrn.GrafanaLrnApplicationTests]: class path resource [com/sp/grafanalrn/GrafanaLrnApplicationTests-context.xml] does not exist
18:42:45.924 [Test worker] DEBUG org.springframework.test.context.support.AbstractContextLoader - Did not detect default resource location for test class [com.sp.grafanalrn.GrafanaLrnApplicationTests]: class path resource [com/sp/grafanalrn/GrafanaLrnApplicationTestsContext.groovy] does not exist
18:42:45.925 [Test worker] INFO org.springframework.test.context.support.AbstractContextLoader - Could not detect default resource locations for test class [com.sp.grafanalrn.GrafanaLrnApplicationTests]: no resource found for suffixes {-context.xml, Context.groovy}.
18:42:45.925 [Test worker] INFO org.springframework.test.context.support.AnnotationConfigContextLoaderUtils - Could not detect default configuration classes for test class [com.sp.grafanalrn.GrafanaLrnApplicationTests]: GrafanaLrnApplicationTests does not declare any static, non-private, non-final, nested classes annotated with @Configuration.
18:42:45.954 [Test worker] DEBUG org.springframework.test.context.support.ActiveProfilesUtils - Could not find an 'annotation declaring class' for annotation type [org.springframework.test.context.ActiveProfiles] and class [com.sp.grafanalrn.GrafanaLrnApplicationTests]
18:42:45.993 [Test worker] DEBUG org.springframework.context.annotation.ClassPathScanningCandidateComponentProvider - Identified candidate component class: file [F:\Grafana\grafana-lrn\grafana-lrn\build\classes\java\main\com\sp\grafanalrn\GrafanaLrnApplication.class]
18:42:45.994 [Test worker] INFO org.springframework.boot.test.context.SpringBootTestContextBootstrapper - Found @SpringBootConfiguration com.sp.grafanalrn.GrafanaLrnApplication for test class com.sp.grafanalrn.GrafanaLrnApplicationTests
18:42:46.094 [Test worker] DEBUG org.springframework.boot.test.context.SpringBootTestContextBootstrapper - @TestExecutionListeners is not present for class [com.sp.grafanalrn.GrafanaLrnApplicationTests]: using defaults.
18:42:46.095 [Test worker] INFO org.springframework.boot.test.context.SpringBootTestContextBootstrapper - Loaded default TestExecutionListener class names from location [META-INF/spring.factories]: [org.springframework.boot.test.autoconfigure.restdocs.RestDocsTestExecutionListener, org.springframework.boot.test.autoconfigure.web.client.MockRestServiceServerResetTestExecutionListener, org.springframework.boot.test.autoconfigure.web.servlet.MockMvcPrintOnlyOnFailureTestExecutionListener, org.springframework.boot.test.autoconfigure.web.servlet.WebDriverTestExecutionListener, org.springframework.boot.test.autoconfigure.webservices.client.MockWebServiceServerTestExecutionListener, org.springframework.boot.test.mock.mockito.MockitoTestExecutionListener, org.springframework.boot.test.mock.mockito.ResetMocksTestExecutionListener, org.springframework.test.context.web.ServletTestExecutionListener, org.springframework.test.context.support.DirtiesContextBeforeModesTestExecutionListener, org.springframework.test.context.event.ApplicationEventsTestExecutionListener, org.springframework.test.context.support.DependencyInjectionTestExecutionListener, org.springframework.test.context.support.DirtiesContextTestExecutionListener, org.springframework.test.context.transaction.TransactionalTestExecutionListener, org.springframework.test.context.jdbc.SqlScriptsTestExecutionListener, org.springframework.test.context.event.EventPublishingTestExecutionListener]
18:42:46.103 [Test worker] DEBUG org.springframework.boot.test.context.SpringBootTestContextBootstrapper - Skipping candidate TestExecutionListener [org.springframework.test.context.transaction.TransactionalTestExecutionListener] due to a missing dependency. Specify custom listener classes or make the default listener classes and their required dependencies available. Offending class: [org/springframework/transaction/interceptor/TransactionAttributeSource]
18:42:46.104 [Test worker] DEBUG org.springframework.boot.test.context.SpringBootTestContextBootstrapper - Skipping candidate TestExecutionListener [org.springframework.test.context.jdbc.SqlScriptsTestExecutionListener] due to a missing dependency. Specify custom listener classes or make the default listener classes and their required dependencies available. Offending class: [org/springframework/transaction/interceptor/TransactionAttribute]
18:42:46.104 [Test worker] INFO org.springframework.boot.test.context.SpringBootTestContextBootstrapper - Using TestExecutionListeners: [org.springframework.test.context.web.ServletTestExecutionListener@18518ccf, org.springframework.test.context.support.DirtiesContextBeforeModesTestExecutionListener@1991f767, org.springframework.test.context.event.ApplicationEventsTestExecutionListener@768ccdc5, org.springframework.boot.test.mock.mockito.MockitoTestExecutionListener@4c6daf0, org.springframework.boot.test.autoconfigure.SpringBootDependencyInjectionTestExecutionListener@10650953, org.springframework.test.context.support.DirtiesContextTestExecutionListener@659eef7, org.springframework.test.context.event.EventPublishingTestExecutionListener@162be91c, org.springframework.boot.test.autoconfigure.restdocs.RestDocsTestExecutionListener@2488b073, org.springframework.boot.test.autoconfigure.web.client.MockRestServiceServerResetTestExecutionListener@1c9f0a20, org.springframework.boot.test.autoconfigure.web.servlet.MockMvcPrintOnlyOnFailureTestExecutionListener@55787112, org.springframework.boot.test.autoconfigure.web.servlet.WebDriverTestExecutionListener@1cd201a8, org.springframework.boot.test.autoconfigure.webservices.client.MockWebServiceServerTestExecutionListener@7db82169, org.springframework.boot.test.mock.mockito.ResetMocksTestExecutionListener@1992eaf4]
18:42:46.108 [Test worker] DEBUG org.springframework.test.context.support.AbstractDirtiesContextTestExecutionListener - Before test class: context [DefaultTestContext@107ed6fc testClass = GrafanaLrnApplicationTests, testInstance = [null], testMethod = [null], testException = [null], mergedContextConfiguration = [WebMergedContextConfiguration@1643d68f testClass = GrafanaLrnApplicationTests, locations = '{}', classes = '{class com.sp.grafanalrn.GrafanaLrnApplication}', contextInitializerClasses = '[]', activeProfiles = '{}', propertySourceLocations = '{}', propertySourceProperties = '{org.springframework.boot.test.context.SpringBootTestContextBootstrapper=true}', contextCustomizers = set[org.springframework.boot.test.autoconfigure.actuate.metrics.MetricsExportContextCustomizerFactory$DisableMetricExportContextCustomizer@1f010bf0, org.springframework.boot.test.autoconfigure.properties.PropertyMappingContextCustomizer@0, org.springframework.boot.test.autoconfigure.web.servlet.WebDriverContextCustomizerFactory$Customizer@2a62b5bc, org.springframework.boot.test.context.filter.ExcludeFilterContextCustomizer@4ce1d6d0, org.springframework.boot.test.json.DuplicateJsonObjectContextCustomizerFactory$DuplicateJsonObjectContextCustomizer@71812481, org.springframework.boot.test.mock.mockito.MockitoContextCustomizer@0, org.springframework.boot.test.web.client.TestRestTemplateContextCustomizer@6a55299e, org.springframework.boot.test.context.SpringBootTestArgs@1, org.springframework.boot.test.context.SpringBootTestWebEnvironment@37654521], resourceBasePath = 'src/main/webapp', contextLoader = 'org.springframework.boot.test.context.SpringBootContextLoader', parent = [null]], attributes = map['org.springframework.test.context.web.ServletTestExecutionListener.activateListener' -> true]], class annotated with @DirtiesContext [false] with mode [null].

  .   ____          _            __ _ _
 /\\ / ___'_ __ _ _(_)_ __  __ _ \ \ \ \
( ( )\___ | '_ | '_| | '_ \/ _` | \ \ \ \
 \\/  ___)| |_)| | | | | || (_| |  ) ) ) )
  '  |____| .__|_| |_|_| |_\__, | / / / /
 =========|_|==============|___/=/_/_/_/
 :: Spring Boot ::                (v2.7.9)

2023-03-20 18:42:46.372  INFO 6692 --- [    Test worker] c.s.g.GrafanaLrnApplicationTests         : Starting GrafanaLrnApplicationTests using Java 19.0.2 on DESKTOP-8VDN8D3 with PID 6692 (started by GLOBAL in F:\Grafana\grafana-lrn\grafana-lrn)
2023-03-20 18:42:46.373  INFO 6692 --- [    Test worker] c.s.g.GrafanaLrnApplicationTests         : No active profile set, falling back to 1 default profile: "default"
2023-03-20 18:42:48.023  INFO 6692 --- [    Test worker] o.s.b.a.e.web.EndpointLinksResolver      : Exposing 13 endpoint(s) beneath base path '/actuator'
2023-03-20 18:42:48.072  INFO 6692 --- [    Test worker] c.s.g.GrafanaLrnApplicationTests         : Started GrafanaLrnApplicationTests in 1.937 seconds (JVM running for 2.933)
]]></system-out>
  <system-err><![CDATA[]]></system-err>
</testsuite>
